|--- feature_3 <= 0.17
|   |--- feature_3 <= 0.12
|   |   |--- feature_3 <= 0.09
|   |   |   |--- feature_3 <= 0.06
|   |   |   |   |--- class: 4
|   |   |   |--- feature_3 >  0.06
|   |   |   |   |--- feature_13 <= 0.50
|   |   |   |   |   |--- feature_8 <= 1018.50
|   |   |   |   |   |   |--- class: 4
|   |   |   |   |   |--- feature_8 >  1018.50
|   |   |   |   |   |   |--- feature_17 <= 3173.85
|   |   |   |   |   |   |   |--- class: 2
|   |   |   |   |   |   |--- feature_17 >  3173.85
|   |   |   |   |   |   |   |--- class: 4
|   |   |   |   |--- feature_13 >  0.50
|   |   |   |   |   |--- class: 4
|   |   |--- feature_3 >  0.09
|   |   |   |--- feature_12 <= 0.50
|   |   |   |   |--- feature_1 <= 0.27
|   |   |   |   |   |--- feature_25 <= 67.40
|   |   |   |   |   |   |--- class: 2
|   |   |   |   |   |--- feature_25 >  67.40
|   |   |   |   |   |   |--- class: 4
|   |   |   |   |--- feature_1 >  0.27
|   |   |   |   |   |--- class: 4
|   |   |   |--- feature_12 >  0.50
|   |   |   |   |--- feature_8 <= 1030.50
|   |   |   |   |   |--- feature_22 <= 123.25
|   |   |   |   |   |   |--- feature_27 <= 216.95
|   |   |   |   |   |   |   |--- class: 4
|   |   |   |   |   |   |--- feature_27 >  216.95
|   |   |   |   |   |   |   |--- class: 2
|   |   |   |   |   |--- feature_22 >  123.25
|   |   |   |   |   |   |--- feature_21 <= 584.65
|   |   |   |   |   |   |   |--- feature_10 <= 1.21
|   |   |   |   |   |   |   |   |--- feature_10 <= 1.17
|   |   |   |   |   |   |   |   |   |--- class: 4
|   |   |   |   |   |   |   |   |--- feature_10 >  1.17
|   |   |   |   |   |   |   |   |   |--- class: 2
|   |   |   |   |   |   |   |--- feature_10 >  1.21
|   |   |   |   |   |   |   |   |--- class: 4
|   |   |   |   |   |   |--- feature_21 >  584.65
|   |   |   |   |   |   |   |--- feature_10 <= 2.30
|   |   |   |   |   |   |   |   |--- class: 2
|   |   |   |   |   |   |   |--- feature_10 >  2.30
|   |   |   |   |   |   |   |   |--- class: 4
|   |   |   |   |--- feature_8 >  1030.50
|   |   |   |   |   |--- class: 2
|   |--- feature_3 >  0.12
|   |   |--- feature_1 <= 0.11
|   |   |   |--- feature_2 <= 0.12
|   |   |   |   |--- feature_1 <= 0.07
|   |   |   |   |   |--- feature_24 <= 153.05
|   |   |   |   |   |   |--- feature_8 <= 1013.00
|   |   |   |   |   |   |   |--- feature_11 <= 0.05
|   |   |   |   |   |   |   |   |--- class: 4
|   |   |   |   |   |   |   |--- feature_11 >  0.05
|   |   |   |   |   |   |   |   |--- class: 3
|   |   |   |   |   |   |--- feature_8 >  1013.00
|   |   |   |   |   |   |   |--- feature_30 <= 4.00
|   |   |   |   |   |   |   |   |--- class: 3
|   |   |   |   |   |   |   |--- feature_30 >  4.00
|   |   |   |   |   |   |   |   |--- feature_3 <= 0.12
|   |   |   |   |   |   |   |   |   |--- class: 4
|   |   |   |   |   |   |   |   |--- feature_3 >  0.12
|   |   |   |   |   |   |   |   |   |--- class: 2
|   |   |   |   |   |--- feature_24 >  153.05
|   |   |   |   |   |   |--- feature_23 <= 516.80
|   |   |   |   |   |   |   |--- feature_16 <= 81.50
|   |   |   |   |   |   |   |   |--- class: 3
|   |   |   |   |   |   |   |--- feature_16 >  81.50
|   |   |   |   |   |   |   |   |--- class: 2
|   |   |   |   |   |   |--- feature_23 >  516.80
|   |   |   |   |   |   |   |--- class: 1
|   |   |   |   |--- feature_1 >  0.07
|   |   |   |   |   |--- feature_0 <= 11.00
|   |   |   |   |   |   |--- feature_19 <= 21.00
|   |   |   |   |   |   |   |--- feature_9 <= 93.50
|   |   |   |   |   |   |   |   |--- feature_3 <= 0.12
|   |   |   |   |   |   |   |   |   |--- class: 3
|   |   |   |   |   |   |   |   |--- feature_3 >  0.12
|   |   |   |   |   |   |   |   |   |--- class: 4
|   |   |   |   |   |   |   |--- feature_9 >  93.50
|   |   |   |   |   |   |   |   |--- class: 2
|   |   |   |   |   |   |--- feature_19 >  21.00
|   |   |   |   |   |   |   |--- class: 2
|   |   |   |   |   |--- feature_0 >  11.00
|   |   |   |   |   |   |--- feature_6 <= 19.36
|   |   |   |   |   |   |   |--- class: 4
|   |   |   |   |   |   |--- feature_6 >  19.36
|   |   |   |   |   |   |   |--- class: 2
|   |   |   |--- feature_2 >  0.12
|   |   |   |   |--- feature_24 <= 135.05
|   |   |   |   |   |--- class: 4
|   |   |   |   |--- feature_24 >  135.05
|   |   |   |   |   |--- feature_2 <= 0.13
|   |   |   |   |   |   |--- class: 4
|   |   |   |   |   |--- feature_2 >  0.13
|   |   |   |   |   |   |--- class: 2
|   |   |--- feature_1 >  0.11
|   |   |   |--- feature_22 <= 270.75
|   |   |   |   |--- feature_9 <= 90.50
|   |   |   |   |   |--- feature_13 <= 2.00
|   |   |   |   |   |   |--- class: 2
|   |   |   |   |   |--- feature_13 >  2.00
|   |   |   |   |   |   |--- feature_20 <= 21.50
|   |   |   |   |   |   |   |--- class: 4
|   |   |   |   |   |   |--- feature_20 >  21.50
|   |   |   |   |   |   |   |--- feature_13 <= 9.00
|   |   |   |   |   |   |   |   |--- class: 4
|   |   |   |   |   |   |   |--- feature_13 >  9.00
|   |   |   |   |   |   |   |   |--- class: 2
|   |   |   |   |--- feature_9 >  90.50
|   |   |   |   |   |--- feature_3 <= 0.15
|   |   |   |   |   |   |--- class: 4
|   |   |   |   |   |--- feature_3 >  0.15
|   |   |   |   |   |   |--- class: 2
|   |   |   |--- feature_22 >  270.75
|   |   |   |   |--- feature_21 <= 792.65
|   |   |   |   |   |--- feature_1 <= 0.20
|   |   |   |   |   |   |--- feature_27 <= 555.40
|   |   |   |   |   |   |   |--- feature_3 <= 0.14
|   |   |   |   |   |   |   |   |--- feature_22 <= 348.80
|   |   |   |   |   |   |   |   |   |--- class: 2
|   |   |   |   |   |   |   |   |--- feature_22 >  348.80
|   |   |   |   |   |   |   |   |   |--- feature_23 <= 234.20
|   |   |   |   |   |   |   |   |   |   |--- class: 4
|   |   |   |   |   |   |   |   |   |--- feature_23 >  234.20
|   |   |   |   |   |   |   |   |   |   |--- class: 3
|   |   |   |   |   |   |   |--- feature_3 >  0.14
|   |   |   |   |   |   |   |   |--- feature_20 <= 101.00
|   |   |   |   |   |   |   |   |   |--- feature_0 <= 10.00
|   |   |   |   |   |   |   |   |   |   |--- class: 3
|   |   |   |   |   |   |   |   |   |--- feature_0 >  10.00
|   |   |   |   |   |   |   |   |   |   |--- class: 4
|   |   |   |   |   |   |   |   |--- feature_20 >  101.00
|   |   |   |   |   |   |   |   |   |--- class: 2
|   |   |   |   |   |   |--- feature_27 >  555.40
|   |   |   |   |   |   |   |--- feature_10 <= 0.99
|   |   |   |   |   |   |   |   |--- class: 2
|   |   |   |   |   |   |   |--- feature_10 >  0.99
|   |   |   |   |   |   |   |   |--- class: 4
|   |   |   |   |   |--- feature_1 >  0.20
|   |   |   |   |   |   |--- feature_6 <= 23.20
|   |   |   |   |   |   |   |--- class: 4
|   |   |   |   |   |   |--- feature_6 >  23.20
|   |   |   |   |   |   |   |--- feature_26 <= 360.35
|   |   |   |   |   |   |   |   |--- class: 4
|   |   |   |   |   |   |   |--- feature_26 >  360.35
|   |   |   |   |   |   |   |   |--- class: 2
|   |   |   |   |--- feature_21 >  792.65
|   |   |   |   |   |--- class: 3
|--- feature_3 >  0.17
|   |--- feature_1 <= 0.00
|   |   |--- feature_23 <= 701.85
|   |   |   |--- feature_23 <= 432.55
|   |   |   |   |--- feature_0 <= 8.50
|   |   |   |   |   |--- feature_0 <= 7.50
|   |   |   |   |   |   |--- feature_2 <= 0.17
|   |   |   |   |   |   |   |--- class: 2
|   |   |   |   |   |   |--- feature_2 >  0.17
|   |   |   |   |   |   |   |--- feature_25 <= 77.25
|   |   |   |   |   |   |   |   |--- class: 2
|   |   |   |   |   |   |   |--- feature_25 >  77.25
|   |   |   |   |   |   |   |   |--- class: 4
|   |   |   |   |   |--- feature_0 >  7.50
|   |   |   |   |   |   |--- feature_25 <= 141.85
|   |   |   |   |   |   |   |--- feature_15 <= 8.50
|   |   |   |   |   |   |   |   |--- class: 3
|   |   |   |   |   |   |   |--- feature_15 >  8.50
|   |   |   |   |   |   |   |   |--- feature_15 <= 16.50
|   |   |   |   |   |   |   |   |   |--- class: 1
|   |   |   |   |   |   |   |   |--- feature_15 >  16.50
|   |   |   |   |   |   |   |   |   |--- class: 3
|   |   |   |   |   |   |--- feature_25 >  141.85
|   |   |   |   |   |   |   |--- class: 1
|   |   |   |   |--- feature_0 >  8.50
|   |   |   |   |   |--- feature_0 <= 14.50
|   |   |   |   |   |   |--- feature_24 <= 109.90
|   |   |   |   |   |   |   |--- feature_30 <= 28.50
|   |   |   |   |   |   |   |   |--- feature_26 <= 437.80
|   |   |   |   |   |   |   |   |   |--- feature_14 <= 36.00
|   |   |   |   |   |   |   |   |   |   |--- feature_23 <= 337.70
|   |   |   |   |   |   |   |   |   |   |   |--- truncated branch of depth 5
|   |   |   |   |   |   |   |   |   |   |--- feature_23 >  337.70
|   |   |   |   |   |   |   |   |   |   |   |--- class: 1
|   |   |   |   |   |   |   |   |   |--- feature_14 >  36.00
|   |   |   |   |   |   |   |   |   |   |--- feature_0 <= 13.50
|   |   |   |   |   |   |   |   |   |   |   |--- truncated branch of depth 7
|   |   |   |   |   |   |   |   |   |   |--- feature_0 >  13.50
|   |   |   |   |   |   |   |   |   |   |   |--- truncated branch of depth 3
|   |   |   |   |   |   |   |   |--- feature_26 >  437.80
|   |   |   |   |   |   |   |   |   |--- feature_8 <= 1011.50
|   |   |   |   |   |   |   |   |   |   |--- class: 3
|   |   |   |   |   |   |   |   |   |--- feature_8 >  1011.50
|   |   |   |   |   |   |   |   |   |   |--- class: 1
|   |   |   |   |   |   |   |--- feature_30 >  28.50
|   |   |   |   |   |   |   |   |--- class: 3
|   |   |   |   |   |   |--- feature_24 >  109.90
|   |   |   |   |   |   |   |--- feature_3 <= 0.53
|   |   |   |   |   |   |   |   |--- feature_7 <= 18.79
|   |   |   |   |   |   |   |   |   |--- feature_10 <= 2.53
|   |   |   |   |   |   |   |   |   |   |--- feature_9 <= 92.00
|   |   |   |   |   |   |   |   |   |   |   |--- truncated branch of depth 9
|   |   |   |   |   |   |   |   |   |   |--- feature_9 >  92.00
|   |   |   |   |   |   |   |   |   |   |   |--- class: 3
|   |   |   |   |   |   |   |   |   |--- feature_10 >  2.53
|   |   |   |   |   |   |   |   |   |   |--- feature_6 <= 15.39
|   |   |   |   |   |   |   |   |   |   |   |--- truncated branch of depth 4
|   |   |   |   |   |   |   |   |   |   |--- feature_6 >  15.39
|   |   |   |   |   |   |   |   |   |   |   |--- truncated branch of depth 2
|   |   |   |   |   |   |   |   |--- feature_7 >  18.79
|   |   |   |   |   |   |   |   |   |--- feature_6 <= 16.46
|   |   |   |   |   |   |   |   |   |   |--- class: 3
|   |   |   |   |   |   |   |   |   |--- feature_6 >  16.46
|   |   |   |   |   |   |   |   |   |   |--- feature_7 <= 19.02
|   |   |   |   |   |   |   |   |   |   |   |--- class: 3
|   |   |   |   |   |   |   |   |   |   |--- feature_7 >  19.02
|   |   |   |   |   |   |   |   |   |   |   |--- truncated branch of depth 5
|   |   |   |   |   |   |   |--- feature_3 >  0.53
|   |   |   |   |   |   |   |   |--- class: 3
|   |   |   |   |   |--- feature_0 >  14.50
|   |   |   |   |   |   |--- feature_22 <= 651.00
|   |   |   |   |   |   |   |--- class: 3
|   |   |   |   |   |   |--- feature_22 >  651.00
|   |   |   |   |   |   |   |--- feature_3 <= 0.24
|   |   |   |   |   |   |   |   |--- feature_24 <= 58.40
|   |   |   |   |   |   |   |   |   |--- feature_3 <= 0.19
|   |   |   |   |   |   |   |   |   |   |--- class: 1
|   |   |   |   |   |   |   |   |   |--- feature_3 >  0.19
|   |   |   |   |   |   |   |   |   |   |--- class: 3
|   |   |   |   |   |   |   |   |--- feature_24 >  58.40
|   |   |   |   |   |   |   |   |   |--- class: 1
|   |   |   |   |   |   |   |--- feature_3 >  0.24
|   |   |   |   |   |   |   |   |--- feature_23 <= 427.75
|   |   |   |   |   |   |   |   |   |--- feature_10 <= 2.36
|   |   |   |   |   |   |   |   |   |   |--- class: 1
|   |   |   |   |   |   |   |   |   |--- feature_10 >  2.36
|   |   |   |   |   |   |   |   |   |   |--- feature_8 <= 1008.00
|   |   |   |   |   |   |   |   |   |   |   |--- class: 1
|   |   |   |   |   |   |   |   |   |   |--- feature_8 >  1008.00
|   |   |   |   |   |   |   |   |   |   |   |--- truncated branch of depth 6
|   |   |   |   |   |   |   |   |--- feature_23 >  427.75
|   |   |   |   |   |   |   |   |   |--- class: 1
|   |   |   |--- feature_23 >  432.55
|   |   |   |   |--- feature_0 <= 15.50
|   |   |   |   |   |--- feature_19 <= 469.50
|   |   |   |   |   |   |--- feature_10 <= 1.81
|   |   |   |   |   |   |   |--- feature_15 <= 45.00
|   |   |   |   |   |   |   |   |--- feature_3 <= 0.19
|   |   |   |   |   |   |   |   |   |--- feature_10 <= 0.63
|   |   |   |   |   |   |   |   |   |   |--- class: 3
|   |   |   |   |   |   |   |   |   |--- feature_10 >  0.63
|   |   |   |   |   |   |   |   |   |   |--- feature_3 <= 0.19
|   |   |   |   |   |   |   |   |   |   |   |--- class: 1
|   |   |   |   |   |   |   |   |   |   |--- feature_3 >  0.19
|   |   |   |   |   |   |   |   |   |   |   |--- class: 5
|   |   |   |   |   |   |   |   |--- feature_3 >  0.19
|   |   |   |   |   |   |   |   |   |--- feature_30 <= 27.50
|   |   |   |   |   |   |   |   |   |   |--- feature_29 <= 10.50
|   |   |   |   |   |   |   |   |   |   |   |--- truncated branch of depth 4
|   |   |   |   |   |   |   |   |   |   |--- feature_29 >  10.50
|   |   |   |   |   |   |   |   |   |   |   |--- truncated branch of depth 3
|   |   |   |   |   |   |   |   |   |--- feature_30 >  27.50
|   |   |   |   |   |   |   |   |   |   |--- feature_23 <= 531.30
|   |   |   |   |   |   |   |   |   |   |   |--- truncated branch of depth 2
|   |   |   |   |   |   |   |   |   |   |--- feature_23 >  531.30
|   |   |   |   |   |   |   |   |   |   |   |--- class: 1
|   |   |   |   |   |   |   |--- feature_15 >  45.00
|   |   |   |   |   |   |   |   |--- class: 5
|   |   |   |   |   |   |--- feature_10 >  1.81
|   |   |   |   |   |   |   |--- feature_6 <= 14.63
|   |   |   |   |   |   |   |   |--- feature_12 <= 97.50
|   |   |   |   |   |   |   |   |   |--- feature_30 <= 3.50
|   |   |   |   |   |   |   |   |   |   |--- class: 1
|   |   |   |   |   |   |   |   |   |--- feature_30 >  3.50
|   |   |   |   |   |   |   |   |   |   |--- feature_0 <= 12.50
|   |   |   |   |   |   |   |   |   |   |   |--- truncated branch of depth 4
|   |   |   |   |   |   |   |   |   |   |--- feature_0 >  12.50
|   |   |   |   |   |   |   |   |   |   |   |--- truncated branch of depth 4
|   |   |   |   |   |   |   |   |--- feature_12 >  97.50
|   |   |   |   |   |   |   |   |   |--- feature_30 <= 28.50
|   |   |   |   |   |   |   |   |   |   |--- class: 3
|   |   |   |   |   |   |   |   |   |--- feature_30 >  28.50
|   |   |   |   |   |   |   |   |   |   |--- class: 1
|   |   |   |   |   |   |   |--- feature_6 >  14.63
|   |   |   |   |   |   |   |   |--- feature_30 <= 2.50
|   |   |   |   |   |   |   |   |   |--- feature_3 <= 0.39
|   |   |   |   |   |   |   |   |   |   |--- class: 5
|   |   |   |   |   |   |   |   |   |--- feature_3 >  0.39
|   |   |   |   |   |   |   |   |   |   |--- feature_16 <= 47.00
|   |   |   |   |   |   |   |   |   |   |   |--- class: 1
|   |   |   |   |   |   |   |   |   |   |--- feature_16 >  47.00
|   |   |   |   |   |   |   |   |   |   |   |--- class: 3
|   |   |   |   |   |   |   |   |--- feature_30 >  2.50
|   |   |   |   |   |   |   |   |   |--- feature_15 <= 85.50
|   |   |   |   |   |   |   |   |   |   |--- feature_22 <= 574.20
|   |   |   |   |   |   |   |   |   |   |   |--- class: 3
|   |   |   |   |   |   |   |   |   |   |--- feature_22 >  574.20
|   |   |   |   |   |   |   |   |   |   |   |--- truncated branch of depth 10
|   |   |   |   |   |   |   |   |   |--- feature_15 >  85.50
|   |   |   |   |   |   |   |   |   |   |--- feature_23 <= 567.45
|   |   |   |   |   |   |   |   |   |   |   |--- truncated branch of depth 2
|   |   |   |   |   |   |   |   |   |   |--- feature_23 >  567.45
|   |   |   |   |   |   |   |   |   |   |   |--- class: 4
|   |   |   |   |   |--- feature_19 >  469.50
|   |   |   |   |   |   |--- feature_3 <= 0.39
|   |   |   |   |   |   |   |--- feature_23 <= 539.70
|   |   |   |   |   |   |   |   |--- class: 1
|   |   |   |   |   |   |   |--- feature_23 >  539.70
|   |   |   |   |   |   |   |   |--- feature_25 <= 91.70
|   |   |   |   |   |   |   |   |   |--- feature_6 <= 25.39
|   |   |   |   |   |   |   |   |   |   |--- class: 5
|   |   |   |   |   |   |   |   |   |--- feature_6 >  25.39
|   |   |   |   |   |   |   |   |   |   |--- class: 1
|   |   |   |   |   |   |   |   |--- feature_25 >  91.70
|   |   |   |   |   |   |   |   |   |--- feature_3 <= 0.23
|   |   |   |   |   |   |   |   |   |   |--- feature_9 <= 29.50
|   |   |   |   |   |   |   |   |   |   |   |--- class: 1
|   |   |   |   |   |   |   |   |   |   |--- feature_9 >  29.50
|   |   |   |   |   |   |   |   |   |   |   |--- class: 5
|   |   |   |   |   |   |   |   |   |--- feature_3 >  0.23
|   |   |   |   |   |   |   |   |   |   |--- feature_20 <= 149.00
|   |   |   |   |   |   |   |   |   |   |   |--- truncated branch of depth 5
|   |   |   |   |   |   |   |   |   |   |--- feature_20 >  149.00
|   |   |   |   |   |   |   |   |   |   |   |--- class: 5
|   |   |   |   |   |   |--- feature_3 >  0.39
|   |   |   |   |   |   |   |--- class: 1
|   |   |   |   |--- feature_0 >  15.50
|   |   |   |   |   |--- feature_27 <= 714.60
|   |   |   |   |   |   |--- feature_3 <= 0.28
|   |   |   |   |   |   |   |--- feature_22 <= 809.60
|   |   |   |   |   |   |   |   |--- class: 1
|   |   |   |   |   |   |   |--- feature_22 >  809.60
|   |   |   |   |   |   |   |   |--- class: 3
|   |   |   |   |   |   |--- feature_3 >  0.28
|   |   |   |   |   |   |   |--- feature_13 <= 28.00
|   |   |   |   |   |   |   |   |--- feature_14 <= 0.50
|   |   |   |   |   |   |   |   |   |--- class: 3
|   |   |   |   |   |   |   |   |--- feature_14 >  0.50
|   |   |   |   |   |   |   |   |   |--- class: 1
|   |   |   |   |   |   |   |--- feature_13 >  28.00
|   |   |   |   |   |   |   |   |--- class: 1
|   |   |   |   |   |--- feature_27 >  714.60
|   |   |   |   |   |   |--- feature_9 <= 74.00
|   |   |   |   |   |   |   |--- feature_10 <= 5.32
|   |   |   |   |   |   |   |   |--- feature_25 <= 76.50
|   |   |   |   |   |   |   |   |   |--- feature_10 <= 2.95
|   |   |   |   |   |   |   |   |   |   |--- class: 3
|   |   |   |   |   |   |   |   |   |--- feature_10 >  2.95
|   |   |   |   |   |   |   |   |   |   |--- class: 1
|   |   |   |   |   |   |   |   |--- feature_25 >  76.50
|   |   |   |   |   |   |   |   |   |--- class: 1
|   |   |   |   |   |   |   |--- feature_10 >  5.32
|   |   |   |   |   |   |   |   |--- feature_20 <= 112.50
|   |   |   |   |   |   |   |   |   |--- class: 1
|   |   |   |   |   |   |   |   |--- feature_20 >  112.50
|   |   |   |   |   |   |   |   |   |--- class: 3
|   |   |   |   |   |   |--- feature_9 >  74.00
|   |   |   |   |   |   |   |--- class: 3
|   |   |--- feature_23 >  701.85
|   |   |   |--- feature_3 <= 0.40
|   |   |   |   |--- feature_12 <= 97.00
|   |   |   |   |   |--- feature_13 <= 56.50
|   |   |   |   |   |   |--- feature_8 <= 1017.50
|   |   |   |   |   |   |   |--- feature_18 <= 705.00
|   |   |   |   |   |   |   |   |--- feature_12 <= 1.50
|   |   |   |   |   |   |   |   |   |--- class: 5
|   |   |   |   |   |   |   |   |--- feature_12 >  1.50
|   |   |   |   |   |   |   |   |   |--- class: 1
|   |   |   |   |   |   |   |--- feature_18 >  705.00
|   |   |   |   |   |   |   |   |--- feature_30 <= 15.50
|   |   |   |   |   |   |   |   |   |--- feature_19 <= 663.50
|   |   |   |   |   |   |   |   |   |   |--- feature_24 <= 682.50
|   |   |   |   |   |   |   |   |   |   |   |--- truncated branch of depth 5
|   |   |   |   |   |   |   |   |   |   |--- feature_24 >  682.50
|   |   |   |   |   |   |   |   |   |   |   |--- class: 3
|   |   |   |   |   |   |   |   |   |--- feature_19 >  663.50
|   |   |   |   |   |   |   |   |   |   |--- feature_7 <= 26.18
|   |   |   |   |   |   |   |   |   |   |   |--- truncated branch of depth 2
|   |   |   |   |   |   |   |   |   |   |--- feature_7 >  26.18
|   |   |   |   |   |   |   |   |   |   |   |--- truncated branch of depth 5
|   |   |   |   |   |   |   |   |--- feature_30 >  15.50
|   |   |   |   |   |   |   |   |   |--- feature_3 <= 0.36
|   |   |   |   |   |   |   |   |   |   |--- class: 5
|   |   |   |   |   |   |   |   |   |--- feature_3 >  0.36
|   |   |   |   |   |   |   |   |   |   |--- feature_19 <= 696.00
|   |   |   |   |   |   |   |   |   |   |   |--- class: 1
|   |   |   |   |   |   |   |   |   |   |--- feature_19 >  696.00
|   |   |   |   |   |   |   |   |   |   |   |--- class: 5
|   |   |   |   |   |   |--- feature_8 >  1017.50
|   |   |   |   |   |   |   |--- feature_8 <= 1024.50
|   |   |   |   |   |   |   |   |--- feature_10 <= 5.51
|   |   |   |   |   |   |   |   |   |--- feature_4 <= 35.39
|   |   |   |   |   |   |   |   |   |   |--- class: 5
|   |   |   |   |   |   |   |   |   |--- feature_4 >  35.39
|   |   |   |   |   |   |   |   |   |   |--- feature_21 <= 902.95
|   |   |   |   |   |   |   |   |   |   |   |--- class: 1
|   |   |   |   |   |   |   |   |   |   |--- feature_21 >  902.95
|   |   |   |   |   |   |   |   |   |   |   |--- class: 5
|   |   |   |   |   |   |   |   |--- feature_10 >  5.51
|   |   |   |   |   |   |   |   |   |--- class: 3
|   |   |   |   |   |   |   |--- feature_8 >  1024.50
|   |   |   |   |   |   |   |   |--- class: 3
|   |   |   |   |   |--- feature_13 >  56.50
|   |   |   |   |   |   |--- feature_30 <= 10.00
|   |   |   |   |   |   |   |--- feature_24 <= 465.40
|   |   |   |   |   |   |   |   |--- class: 3
|   |   |   |   |   |   |   |--- feature_24 >  465.40
|   |   |   |   |   |   |   |   |--- class: 1
|   |   |   |   |   |   |--- feature_30 >  10.00
|   |   |   |   |   |   |   |--- feature_24 <= 520.90
|   |   |   |   |   |   |   |   |--- class: 1
|   |   |   |   |   |   |   |--- feature_24 >  520.90
|   |   |   |   |   |   |   |   |--- class: 5
|   |   |   |   |--- feature_12 >  97.00
|   |   |   |   |   |--- feature_0 <= 13.50
|   |   |   |   |   |   |--- class: 1
|   |   |   |   |   |--- feature_0 >  13.50
|   |   |   |   |   |   |--- feature_3 <= 0.31
|   |   |   |   |   |   |   |--- class: 5
|   |   |   |   |   |   |--- feature_3 >  0.31
|   |   |   |   |   |   |   |--- class: 1
|   |   |   |--- feature_3 >  0.40
|   |   |   |   |--- feature_21 <= 881.40
|   |   |   |   |   |--- feature_13 <= 76.50
|   |   |   |   |   |   |--- feature_3 <= 0.50
|   |   |   |   |   |   |   |--- feature_12 <= 1.50
|   |   |   |   |   |   |   |   |--- feature_4 <= 30.30
|   |   |   |   |   |   |   |   |   |--- class: 5
|   |   |   |   |   |   |   |   |--- feature_4 >  30.30
|   |   |   |   |   |   |   |   |   |--- class: 1
|   |   |   |   |   |   |   |--- feature_12 >  1.50
|   |   |   |   |   |   |   |   |--- feature_19 <= 746.00
|   |   |   |   |   |   |   |   |   |--- class: 1
|   |   |   |   |   |   |   |   |--- feature_19 >  746.00
|   |   |   |   |   |   |   |   |   |--- class: 5
|   |   |   |   |   |   |--- feature_3 >  0.50
|   |   |   |   |   |   |   |--- class: 1
|   |   |   |   |   |--- feature_13 >  76.50
|   |   |   |   |   |   |--- class: 5
|   |   |   |   |--- feature_21 >  881.40
|   |   |   |   |   |--- feature_3 <= 0.50
|   |   |   |   |   |   |--- feature_27 <= 1034.80
|   |   |   |   |   |   |   |--- class: 1
|   |   |   |   |   |   |--- feature_27 >  1034.80
|   |   |   |   |   |   |   |--- class: 5
|   |   |   |   |   |--- feature_3 >  0.50
|   |   |   |   |   |   |--- feature_9 <= 32.50
|   |   |   |   |   |   |   |--- class: 5
|   |   |   |   |   |   |--- feature_9 >  32.50
|   |   |   |   |   |   |   |--- feature_24 <= 692.80
|   |   |   |   |   |   |   |   |--- class: 3
|   |   |   |   |   |   |   |--- feature_24 >  692.80
|   |   |   |   |   |   |   |   |--- class: 1
|   |--- feature_1 >  0.00
|   |   |--- feature_1 <= 0.10
|   |   |   |--- feature_24 <= 364.30
|   |   |   |   |--- feature_3 <= 0.24
|   |   |   |   |   |--- feature_1 <= 0.02
|   |   |   |   |   |   |--- feature_9 <= 85.50
|   |   |   |   |   |   |   |--- class: 3
|   |   |   |   |   |   |--- feature_9 >  85.50
|   |   |   |   |   |   |   |--- feature_9 <= 90.00
|   |   |   |   |   |   |   |   |--- class: 1
|   |   |   |   |   |   |   |--- feature_9 >  90.00
|   |   |   |   |   |   |   |   |--- class: 3
|   |   |   |   |   |--- feature_1 >  0.02
|   |   |   |   |   |   |--- feature_4 <= 11.30
|   |   |   |   |   |   |   |--- feature_5 <= 7.43
|   |   |   |   |   |   |   |   |--- class: 2
|   |   |   |   |   |   |   |--- feature_5 >  7.43
|   |   |   |   |   |   |   |   |--- class: 3
|   |   |   |   |   |   |--- feature_4 >  11.30
|   |   |   |   |   |   |   |--- feature_9 <= 47.00
|   |   |   |   |   |   |   |   |--- feature_3 <= 0.21
|   |   |   |   |   |   |   |   |   |--- class: 3
|   |   |   |   |   |   |   |   |--- feature_3 >  0.21
|   |   |   |   |   |   |   |   |   |--- class: 4
|   |   |   |   |   |   |   |--- feature_9 >  47.00
|   |   |   |   |   |   |   |   |--- feature_22 <= 323.10
|   |   |   |   |   |   |   |   |   |--- feature_7 <= 13.23
|   |   |   |   |   |   |   |   |   |   |--- feature_30 <= 19.00
|   |   |   |   |   |   |   |   |   |   |   |--- class: 4
|   |   |   |   |   |   |   |   |   |   |--- feature_30 >  19.00
|   |   |   |   |   |   |   |   |   |   |   |--- class: 2
|   |   |   |   |   |   |   |   |   |--- feature_7 >  13.23
|   |   |   |   |   |   |   |   |   |   |--- class: 3
|   |   |   |   |   |   |   |   |--- feature_22 >  323.10
|   |   |   |   |   |   |   |   |   |--- feature_23 <= 194.75
|   |   |   |   |   |   |   |   |   |   |--- feature_1 <= 0.05
|   |   |   |   |   |   |   |   |   |   |   |--- truncated branch of depth 4
|   |   |   |   |   |   |   |   |   |   |--- feature_1 >  0.05
|   |   |   |   |   |   |   |   |   |   |   |--- truncated branch of depth 3
|   |   |   |   |   |   |   |   |   |--- feature_23 >  194.75
|   |   |   |   |   |   |   |   |   |   |--- feature_5 <= 19.55
|   |   |   |   |   |   |   |   |   |   |   |--- truncated branch of depth 9
|   |   |   |   |   |   |   |   |   |   |--- feature_5 >  19.55
|   |   |   |   |   |   |   |   |   |   |   |--- truncated branch of depth 3
|   |   |   |   |--- feature_3 >  0.24
|   |   |   |   |   |--- feature_28 <= 2021.50
|   |   |   |   |   |   |--- feature_23 <= 326.90
|   |   |   |   |   |   |   |--- feature_10 <= 3.45
|   |   |   |   |   |   |   |   |--- feature_26 <= 776.35
|   |   |   |   |   |   |   |   |   |--- feature_16 <= 13.50
|   |   |   |   |   |   |   |   |   |   |--- feature_8 <= 1014.50
|   |   |   |   |   |   |   |   |   |   |   |--- truncated branch of depth 2
|   |   |   |   |   |   |   |   |   |   |--- feature_8 >  1014.50
|   |   |   |   |   |   |   |   |   |   |   |--- class: 3
|   |   |   |   |   |   |   |   |   |--- feature_16 >  13.50
|   |   |   |   |   |   |   |   |   |   |--- feature_27 <= 479.40
|   |   |   |   |   |   |   |   |   |   |   |--- truncated branch of depth 2
|   |   |   |   |   |   |   |   |   |   |--- feature_27 >  479.40
|   |   |   |   |   |   |   |   |   |   |   |--- truncated branch of depth 2
|   |   |   |   |   |   |   |   |--- feature_26 >  776.35
|   |   |   |   |   |   |   |   |   |--- class: 4
|   |   |   |   |   |   |   |--- feature_10 >  3.45
|   |   |   |   |   |   |   |   |--- feature_0 <= 12.50
|   |   |   |   |   |   |   |   |   |--- feature_20 <= 71.50
|   |   |   |   |   |   |   |   |   |   |--- feature_30 <= 28.00
|   |   |   |   |   |   |   |   |   |   |   |--- class: 3
|   |   |   |   |   |   |   |   |   |   |--- feature_30 >  28.00
|   |   |   |   |   |   |   |   |   |   |   |--- class: 2
|   |   |   |   |   |   |   |   |   |--- feature_20 >  71.50
|   |   |   |   |   |   |   |   |   |   |--- class: 1
|   |   |   |   |   |   |   |   |--- feature_0 >  12.50
|   |   |   |   |   |   |   |   |   |--- feature_23 <= 305.05
|   |   |   |   |   |   |   |   |   |   |--- class: 2
|   |   |   |   |   |   |   |   |   |--- feature_23 >  305.05
|   |   |   |   |   |   |   |   |   |   |--- class: 3
|   |   |   |   |   |   |--- feature_23 >  326.90
|   |   |   |   |   |   |   |--- feature_12 <= 98.00
|   |   |   |   |   |   |   |   |--- feature_20 <= 69.50
|   |   |   |   |   |   |   |   |   |--- feature_12 <= 7.00
|   |   |   |   |   |   |   |   |   |   |--- feature_25 <= 78.85
|   |   |   |   |   |   |   |   |   |   |   |--- class: 1
|   |   |   |   |   |   |   |   |   |   |--- feature_25 >  78.85
|   |   |   |   |   |   |   |   |   |   |   |--- class: 3
|   |   |   |   |   |   |   |   |   |--- feature_12 >  7.00
|   |   |   |   |   |   |   |   |   |   |--- class: 3
|   |   |   |   |   |   |   |   |--- feature_20 >  69.50
|   |   |   |   |   |   |   |   |   |--- feature_27 <= 857.05
|   |   |   |   |   |   |   |   |   |   |--- class: 1
|   |   |   |   |   |   |   |   |   |--- feature_27 >  857.05
|   |   |   |   |   |   |   |   |   |   |--- feature_4 <= 18.10
|   |   |   |   |   |   |   |   |   |   |   |--- class: 3
|   |   |   |   |   |   |   |   |   |   |--- feature_4 >  18.10
|   |   |   |   |   |   |   |   |   |   |   |--- class: 1
|   |   |   |   |   |   |   |--- feature_12 >  98.00
|   |   |   |   |   |   |   |   |--- feature_5 <= 14.88
|   |   |   |   |   |   |   |   |   |--- class: 5
|   |   |   |   |   |   |   |   |--- feature_5 >  14.88
|   |   |   |   |   |   |   |   |   |--- feature_3 <= 0.34
|   |   |   |   |   |   |   |   |   |   |--- class: 3
|   |   |   |   |   |   |   |   |   |--- feature_3 >  0.34
|   |   |   |   |   |   |   |   |   |   |--- class: 1
|   |   |   |   |   |--- feature_28 >  2021.50
|   |   |   |   |   |   |--- feature_25 <= 253.35
|   |   |   |   |   |   |   |--- feature_10 <= 4.13
|   |   |   |   |   |   |   |   |--- feature_12 <= 98.50
|   |   |   |   |   |   |   |   |   |--- feature_0 <= 17.50
|   |   |   |   |   |   |   |   |   |   |--- feature_3 <= 0.25
|   |   |   |   |   |   |   |   |   |   |   |--- truncated branch of depth 5
|   |   |   |   |   |   |   |   |   |   |--- feature_3 >  0.25
|   |   |   |   |   |   |   |   |   |   |   |--- truncated branch of depth 6
|   |   |   |   |   |   |   |   |   |--- feature_0 >  17.50
|   |   |   |   |   |   |   |   |   |   |--- feature_3 <= 0.27
|   |   |   |   |   |   |   |   |   |   |   |--- class: 3
|   |   |   |   |   |   |   |   |   |   |--- feature_3 >  0.27
|   |   |   |   |   |   |   |   |   |   |   |--- class: 2
|   |   |   |   |   |   |   |   |--- feature_12 >  98.50
|   |   |   |   |   |   |   |   |   |--- feature_1 <= 0.04
|   |   |   |   |   |   |   |   |   |   |--- feature_13 <= 98.50
|   |   |   |   |   |   |   |   |   |   |   |--- truncated branch of depth 3
|   |   |   |   |   |   |   |   |   |   |--- feature_13 >  98.50
|   |   |   |   |   |   |   |   |   |   |   |--- truncated branch of depth 3
|   |   |   |   |   |   |   |   |   |--- feature_1 >  0.04
|   |   |   |   |   |   |   |   |   |   |--- feature_9 <= 92.00
|   |   |   |   |   |   |   |   |   |   |   |--- truncated branch of depth 2
|   |   |   |   |   |   |   |   |   |   |--- feature_9 >  92.00
|   |   |   |   |   |   |   |   |   |   |   |--- class: 3
|   |   |   |   |   |   |   |--- feature_10 >  4.13
|   |   |   |   |   |   |   |   |--- feature_14 <= 27.00
|   |   |   |   |   |   |   |   |   |--- feature_19 <= 225.00
|   |   |   |   |   |   |   |   |   |   |--- feature_15 <= 33.00
|   |   |   |   |   |   |   |   |   |   |   |--- class: 3
|   |   |   |   |   |   |   |   |   |   |--- feature_15 >  33.00
|   |   |   |   |   |   |   |   |   |   |   |--- truncated branch of depth 2
|   |   |   |   |   |   |   |   |   |--- feature_19 >  225.00
|   |   |   |   |   |   |   |   |   |   |--- feature_1 <= 0.09
|   |   |   |   |   |   |   |   |   |   |   |--- class: 2
|   |   |   |   |   |   |   |   |   |   |--- feature_1 >  0.09
|   |   |   |   |   |   |   |   |   |   |   |--- class: 4
|   |   |   |   |   |   |   |   |--- feature_14 >  27.00
|   |   |   |   |   |   |   |   |   |--- feature_16 <= 26.50
|   |   |   |   |   |   |   |   |   |   |--- feature_0 <= 11.50
|   |   |   |   |   |   |   |   |   |   |   |--- truncated branch of depth 2
|   |   |   |   |   |   |   |   |   |   |--- feature_0 >  11.50
|   |   |   |   |   |   |   |   |   |   |   |--- truncated branch of depth 2
|   |   |   |   |   |   |   |   |   |--- feature_16 >  26.50
|   |   |   |   |   |   |   |   |   |   |--- feature_10 <= 5.08
|   |   |   |   |   |   |   |   |   |   |   |--- class: 2
|   |   |   |   |   |   |   |   |   |   |--- feature_10 >  5.08
|   |   |   |   |   |   |   |   |   |   |   |--- truncated branch of depth 2
|   |   |   |   |   |   |--- feature_25 >  253.35
|   |   |   |   |   |   |   |--- feature_7 <= 21.61
|   |   |   |   |   |   |   |   |--- feature_22 <= 1042.75
|   |   |   |   |   |   |   |   |   |--- feature_12 <= 87.00
|   |   |   |   |   |   |   |   |   |   |--- class: 3
|   |   |   |   |   |   |   |   |   |--- feature_12 >  87.00
|   |   |   |   |   |   |   |   |   |   |--- class: 1
|   |   |   |   |   |   |   |   |--- feature_22 >  1042.75
|   |   |   |   |   |   |   |   |   |--- feature_13 <= 58.00
|   |   |   |   |   |   |   |   |   |   |--- feature_29 <= 5.50
|   |   |   |   |   |   |   |   |   |   |   |--- class: 4
|   |   |   |   |   |   |   |   |   |   |--- feature_29 >  5.50
|   |   |   |   |   |   |   |   |   |   |   |--- class: 1
|   |   |   |   |   |   |   |   |   |--- feature_13 >  58.00
|   |   |   |   |   |   |   |   |   |   |--- class: 3
|   |   |   |   |   |   |   |--- feature_7 >  21.61
|   |   |   |   |   |   |   |   |--- feature_15 <= 9.50
|   |   |   |   |   |   |   |   |   |--- class: 1
|   |   |   |   |   |   |   |   |--- feature_15 >  9.50
|   |   |   |   |   |   |   |   |   |--- feature_19 <= 218.00
|   |   |   |   |   |   |   |   |   |   |--- class: 2
|   |   |   |   |   |   |   |   |   |--- feature_19 >  218.00
|   |   |   |   |   |   |   |   |   |   |--- class: 3
|   |   |   |--- feature_24 >  364.30
|   |   |   |   |--- feature_9 <= 61.50
|   |   |   |   |   |--- feature_3 <= 0.52
|   |   |   |   |   |   |--- feature_7 <= 33.02
|   |   |   |   |   |   |   |--- feature_24 <= 480.50
|   |   |   |   |   |   |   |   |--- feature_10 <= 1.84
|   |   |   |   |   |   |   |   |   |--- feature_27 <= 651.40
|   |   |   |   |   |   |   |   |   |   |--- class: 1
|   |   |   |   |   |   |   |   |   |--- feature_27 >  651.40
|   |   |   |   |   |   |   |   |   |   |--- feature_23 <= 486.25
|   |   |   |   |   |   |   |   |   |   |   |--- class: 3
|   |   |   |   |   |   |   |   |   |   |--- feature_23 >  486.25
|   |   |   |   |   |   |   |   |   |   |   |--- class: 5
|   |   |   |   |   |   |   |   |--- feature_10 >  1.84
|   |   |   |   |   |   |   |   |   |--- feature_23 <= 704.75
|   |   |   |   |   |   |   |   |   |   |--- class: 1
|   |   |   |   |   |   |   |   |   |--- feature_23 >  704.75
|   |   |   |   |   |   |   |   |   |   |--- class: 3
|   |   |   |   |   |   |   |--- feature_24 >  480.50
|   |   |   |   |   |   |   |   |--- feature_10 <= 3.86
|   |   |   |   |   |   |   |   |   |--- feature_5 <= 24.87
|   |   |   |   |   |   |   |   |   |   |--- class: 5
|   |   |   |   |   |   |   |   |   |--- feature_5 >  24.87
|   |   |   |   |   |   |   |   |   |   |--- feature_5 <= 26.38
|   |   |   |   |   |   |   |   |   |   |   |--- class: 1
|   |   |   |   |   |   |   |   |   |   |--- feature_5 >  26.38
|   |   |   |   |   |   |   |   |   |   |   |--- class: 5
|   |   |   |   |   |   |   |   |--- feature_10 >  3.86
|   |   |   |   |   |   |   |   |   |--- class: 1
|   |   |   |   |   |   |--- feature_7 >  33.02
|   |   |   |   |   |   |   |--- class: 3
|   |   |   |   |   |--- feature_3 >  0.52
|   |   |   |   |   |   |--- feature_25 <= 75.65
|   |   |   |   |   |   |   |--- class: 3
|   |   |   |   |   |   |--- feature_25 >  75.65
|   |   |   |   |   |   |   |--- class: 1
|   |   |   |   |--- feature_9 >  61.50
|   |   |   |   |   |--- feature_24 <= 415.40
|   |   |   |   |   |   |--- feature_10 <= 3.46
|   |   |   |   |   |   |   |--- feature_24 <= 377.60
|   |   |   |   |   |   |   |   |--- feature_10 <= 1.93
|   |   |   |   |   |   |   |   |   |--- class: 1
|   |   |   |   |   |   |   |   |--- feature_10 >  1.93
|   |   |   |   |   |   |   |   |   |--- class: 4
|   |   |   |   |   |   |   |--- feature_24 >  377.60
|   |   |   |   |   |   |   |   |--- class: 3
|   |   |   |   |   |   |--- feature_10 >  3.46
|   |   |   |   |   |   |   |--- class: 1
|   |   |   |   |   |--- feature_24 >  415.40
|   |   |   |   |   |   |--- feature_25 <= 97.10
|   |   |   |   |   |   |   |--- feature_30 <= 6.50
|   |   |   |   |   |   |   |   |--- class: 5
|   |   |   |   |   |   |   |--- feature_30 >  6.50
|   |   |   |   |   |   |   |   |--- class: 1
|   |   |   |   |   |   |--- feature_25 >  97.10
|   |   |   |   |   |   |   |--- class: 3
|   |   |--- feature_1 >  0.10
|   |   |   |--- feature_3 <= 0.31
|   |   |   |   |--- feature_1 <= 0.21
|   |   |   |   |   |--- feature_12 <= 88.00
|   |   |   |   |   |   |--- feature_22 <= 608.35
|   |   |   |   |   |   |   |--- feature_8 <= 1029.50
|   |   |   |   |   |   |   |   |--- feature_5 <= 30.76
|   |   |   |   |   |   |   |   |   |--- feature_4 <= 15.97
|   |   |   |   |   |   |   |   |   |   |--- feature_30 <= 20.00
|   |   |   |   |   |   |   |   |   |   |   |--- class: 3
|   |   |   |   |   |   |   |   |   |   |--- feature_30 >  20.00
|   |   |   |   |   |   |   |   |   |   |   |--- truncated branch of depth 2
|   |   |   |   |   |   |   |   |   |--- feature_4 >  15.97
|   |   |   |   |   |   |   |   |   |   |--- feature_23 <= 128.80
|   |   |   |   |   |   |   |   |   |   |   |--- class: 4
|   |   |   |   |   |   |   |   |   |   |--- feature_23 >  128.80
|   |   |   |   |   |   |   |   |   |   |   |--- truncated branch of depth 5
|   |   |   |   |   |   |   |   |--- feature_5 >  30.76
|   |   |   |   |   |   |   |   |   |--- class: 4
|   |   |   |   |   |   |   |--- feature_8 >  1029.50
|   |   |   |   |   |   |   |   |--- class: 4
|   |   |   |   |   |   |--- feature_22 >  608.35
|   |   |   |   |   |   |   |--- feature_20 <= 117.50
|   |   |   |   |   |   |   |   |--- class: 3
|   |   |   |   |   |   |   |--- feature_20 >  117.50
|   |   |   |   |   |   |   |   |--- feature_16 <= 18.00
|   |   |   |   |   |   |   |   |   |--- feature_3 <= 0.18
|   |   |   |   |   |   |   |   |   |   |--- class: 3
|   |   |   |   |   |   |   |   |   |--- feature_3 >  0.18
|   |   |   |   |   |   |   |   |   |   |--- feature_12 <= 60.00
|   |   |   |   |   |   |   |   |   |   |   |--- class: 4
|   |   |   |   |   |   |   |   |   |   |--- feature_12 >  60.00
|   |   |   |   |   |   |   |   |   |   |   |--- truncated branch of depth 2
|   |   |   |   |   |   |   |   |--- feature_16 >  18.00
|   |   |   |   |   |   |   |   |   |--- feature_9 <= 72.50
|   |   |   |   |   |   |   |   |   |   |--- class: 4
|   |   |   |   |   |   |   |   |   |--- feature_9 >  72.50
|   |   |   |   |   |   |   |   |   |   |--- class: 2
|   |   |   |   |   |--- feature_12 >  88.00
|   |   |   |   |   |   |--- feature_6 <= 12.34
|   |   |   |   |   |   |   |--- feature_10 <= 0.36
|   |   |   |   |   |   |   |   |--- class: 2
|   |   |   |   |   |   |   |--- feature_10 >  0.36
|   |   |   |   |   |   |   |   |--- class: 4
|   |   |   |   |   |   |--- feature_6 >  12.34
|   |   |   |   |   |   |   |--- feature_18 <= 153.50
|   |   |   |   |   |   |   |   |--- feature_11 <= 1.55
|   |   |   |   |   |   |   |   |   |--- feature_22 <= 469.05
|   |   |   |   |   |   |   |   |   |   |--- feature_13 <= 65.00
|   |   |   |   |   |   |   |   |   |   |   |--- class: 3
|   |   |   |   |   |   |   |   |   |   |--- feature_13 >  65.00
|   |   |   |   |   |   |   |   |   |   |   |--- class: 4
|   |   |   |   |   |   |   |   |   |--- feature_22 >  469.05
|   |   |   |   |   |   |   |   |   |   |--- feature_6 <= 17.60
|   |   |   |   |   |   |   |   |   |   |   |--- class: 2
|   |   |   |   |   |   |   |   |   |   |--- feature_6 >  17.60
|   |   |   |   |   |   |   |   |   |   |   |--- class: 3
|   |   |   |   |   |   |   |   |--- feature_11 >  1.55
|   |   |   |   |   |   |   |   |   |--- class: 4
|   |   |   |   |   |   |   |--- feature_18 >  153.50
|   |   |   |   |   |   |   |   |--- feature_22 <= 903.60
|   |   |   |   |   |   |   |   |   |--- feature_10 <= 3.66
|   |   |   |   |   |   |   |   |   |   |--- feature_3 <= 0.17
|   |   |   |   |   |   |   |   |   |   |   |--- class: 2
|   |   |   |   |   |   |   |   |   |   |--- feature_3 >  0.17
|   |   |   |   |   |   |   |   |   |   |   |--- class: 4
|   |   |   |   |   |   |   |   |   |--- feature_10 >  3.66
|   |   |   |   |   |   |   |   |   |   |--- feature_15 <= 55.00
|   |   |   |   |   |   |   |   |   |   |   |--- truncated branch of depth 2
|   |   |   |   |   |   |   |   |   |   |--- feature_15 >  55.00
|   |   |   |   |   |   |   |   |   |   |   |--- truncated branch of depth 2
|   |   |   |   |   |   |   |   |--- feature_22 >  903.60
|   |   |   |   |   |   |   |   |   |--- feature_8 <= 1019.00
|   |   |   |   |   |   |   |   |   |   |--- class: 2
|   |   |   |   |   |   |   |   |   |--- feature_8 >  1019.00
|   |   |   |   |   |   |   |   |   |   |--- class: 3
|   |   |   |   |--- feature_1 >  0.21
|   |   |   |   |   |--- feature_22 <= 334.85
|   |   |   |   |   |   |--- feature_13 <= 11.00
|   |   |   |   |   |   |   |--- feature_29 <= 10.50
|   |   |   |   |   |   |   |   |--- feature_12 <= 62.50
|   |   |   |   |   |   |   |   |   |--- class: 2
|   |   |   |   |   |   |   |   |--- feature_12 >  62.50
|   |   |   |   |   |   |   |   |   |--- class: 4
|   |   |   |   |   |   |   |--- feature_29 >  10.50
|   |   |   |   |   |   |   |   |--- class: 3
|   |   |   |   |   |   |--- feature_13 >  11.00
|   |   |   |   |   |   |   |--- feature_1 <= 0.30
|   |   |   |   |   |   |   |   |--- feature_12 <= 99.00
|   |   |   |   |   |   |   |   |   |--- class: 3
|   |   |   |   |   |   |   |   |--- feature_12 >  99.00
|   |   |   |   |   |   |   |   |   |--- class: 4
|   |   |   |   |   |   |   |--- feature_1 >  0.30
|   |   |   |   |   |   |   |   |--- feature_15 <= 18.50
|   |   |   |   |   |   |   |   |   |--- class: 4
|   |   |   |   |   |   |   |   |--- feature_15 >  18.50
|   |   |   |   |   |   |   |   |   |--- feature_11 <= 0.60
|   |   |   |   |   |   |   |   |   |   |--- class: 2
|   |   |   |   |   |   |   |   |   |--- feature_11 >  0.60
|   |   |   |   |   |   |   |   |   |   |--- feature_11 <= 0.80
|   |   |   |   |   |   |   |   |   |   |   |--- class: 3
|   |   |   |   |   |   |   |   |   |   |--- feature_11 >  0.80
|   |   |   |   |   |   |   |   |   |   |   |--- class: 4
|   |   |   |   |   |--- feature_22 >  334.85
|   |   |   |   |   |   |--- feature_23 <= 256.00
|   |   |   |   |   |   |   |--- feature_10 <= 0.20
|   |   |   |   |   |   |   |   |--- class: 3
|   |   |   |   |   |   |   |--- feature_10 >  0.20
|   |   |   |   |   |   |   |   |--- feature_29 <= 2.00
|   |   |   |   |   |   |   |   |   |--- class: 2
|   |   |   |   |   |   |   |   |--- feature_29 >  2.00
|   |   |   |   |   |   |   |   |   |--- feature_27 <= 251.95
|   |   |   |   |   |   |   |   |   |   |--- class: 2
|   |   |   |   |   |   |   |   |   |--- feature_27 >  251.95
|   |   |   |   |   |   |   |   |   |   |--- feature_20 <= 167.50
|   |   |   |   |   |   |   |   |   |   |   |--- truncated branch of depth 4
|   |   |   |   |   |   |   |   |   |   |--- feature_20 >  167.50
|   |   |   |   |   |   |   |   |   |   |   |--- truncated branch of depth 2
|   |   |   |   |   |   |--- feature_23 >  256.00
|   |   |   |   |   |   |   |--- feature_23 <= 262.30
|   |   |   |   |   |   |   |   |--- class: 3
|   |   |   |   |   |   |   |--- feature_23 >  262.30
|   |   |   |   |   |   |   |   |--- feature_10 <= 1.24
|   |   |   |   |   |   |   |   |   |--- feature_9 <= 79.50
|   |   |   |   |   |   |   |   |   |   |--- class: 2
|   |   |   |   |   |   |   |   |   |--- feature_9 >  79.50
|   |   |   |   |   |   |   |   |   |   |--- class: 3
|   |   |   |   |   |   |   |   |--- feature_10 >  1.24
|   |   |   |   |   |   |   |   |   |--- feature_19 <= 77.50
|   |   |   |   |   |   |   |   |   |   |--- class: 2
|   |   |   |   |   |   |   |   |   |--- feature_19 >  77.50
|   |   |   |   |   |   |   |   |   |   |--- feature_16 <= 19.00
|   |   |   |   |   |   |   |   |   |   |   |--- class: 4
|   |   |   |   |   |   |   |   |   |   |--- feature_16 >  19.00
|   |   |   |   |   |   |   |   |   |   |   |--- truncated branch of depth 7
|   |   |   |--- feature_3 >  0.31
|   |   |   |   |--- feature_1 <= 0.50
|   |   |   |   |   |--- feature_26 <= 766.00
|   |   |   |   |   |   |--- feature_20 <= 263.00
|   |   |   |   |   |   |   |--- feature_21 <= 38.75
|   |   |   |   |   |   |   |   |--- class: 2
|   |   |   |   |   |   |   |--- feature_21 >  38.75
|   |   |   |   |   |   |   |   |--- feature_1 <= 0.18
|   |   |   |   |   |   |   |   |   |--- feature_21 <= 51.70
|   |   |   |   |   |   |   |   |   |   |--- class: 4
|   |   |   |   |   |   |   |   |   |--- feature_21 >  51.70
|   |   |   |   |   |   |   |   |   |   |--- feature_30 <= 30.50
|   |   |   |   |   |   |   |   |   |   |   |--- truncated branch of depth 3
|   |   |   |   |   |   |   |   |   |   |--- feature_30 >  30.50
|   |   |   |   |   |   |   |   |   |   |   |--- truncated branch of depth 2
|   |   |   |   |   |   |   |   |--- feature_1 >  0.18
|   |   |   |   |   |   |   |   |   |--- feature_0 <= 16.50
|   |   |   |   |   |   |   |   |   |   |--- feature_9 <= 73.50
|   |   |   |   |   |   |   |   |   |   |   |--- truncated branch of depth 8
|   |   |   |   |   |   |   |   |   |   |--- feature_9 >  73.50
|   |   |   |   |   |   |   |   |   |   |   |--- truncated branch of depth 5
|   |   |   |   |   |   |   |   |   |--- feature_0 >  16.50
|   |   |   |   |   |   |   |   |   |   |--- feature_26 <= 665.90
|   |   |   |   |   |   |   |   |   |   |   |--- class: 2
|   |   |   |   |   |   |   |   |   |   |--- feature_26 >  665.90
|   |   |   |   |   |   |   |   |   |   |   |--- class: 4
|   |   |   |   |   |   |--- feature_20 >  263.00
|   |   |   |   |   |   |   |--- feature_10 <= 4.36
|   |   |   |   |   |   |   |   |--- feature_30 <= 4.50
|   |   |   |   |   |   |   |   |   |--- class: 4
|   |   |   |   |   |   |   |   |--- feature_30 >  4.50
|   |   |   |   |   |   |   |   |   |--- feature_18 <= 557.00
|   |   |   |   |   |   |   |   |   |   |--- feature_0 <= 12.50
|   |   |   |   |   |   |   |   |   |   |   |--- truncated branch of depth 2
|   |   |   |   |   |   |   |   |   |   |--- feature_0 >  12.50
|   |   |   |   |   |   |   |   |   |   |   |--- truncated branch of depth 2
|   |   |   |   |   |   |   |   |   |--- feature_18 >  557.00
|   |   |   |   |   |   |   |   |   |   |--- class: 1
|   |   |   |   |   |   |   |--- feature_10 >  4.36
|   |   |   |   |   |   |   |   |--- feature_21 <= 113.05
|   |   |   |   |   |   |   |   |   |--- class: 2
|   |   |   |   |   |   |   |   |--- feature_21 >  113.05
|   |   |   |   |   |   |   |   |   |--- class: 4
|   |   |   |   |   |--- feature_26 >  766.00
|   |   |   |   |   |   |--- feature_3 <= 0.82
|   |   |   |   |   |   |   |--- feature_1 <= 0.23
|   |   |   |   |   |   |   |   |--- feature_29 <= 10.50
|   |   |   |   |   |   |   |   |   |--- feature_0 <= 9.50
|   |   |   |   |   |   |   |   |   |   |--- class: 2
|   |   |   |   |   |   |   |   |   |--- feature_0 >  9.50
|   |   |   |   |   |   |   |   |   |   |--- feature_6 <= 26.72
|   |   |   |   |   |   |   |   |   |   |   |--- truncated branch of depth 3
|   |   |   |   |   |   |   |   |   |   |--- feature_6 >  26.72
|   |   |   |   |   |   |   |   |   |   |   |--- class: 3
|   |   |   |   |   |   |   |   |--- feature_29 >  10.50
|   |   |   |   |   |   |   |   |   |--- feature_18 <= 531.50
|   |   |   |   |   |   |   |   |   |   |--- class: 3
|   |   |   |   |   |   |   |   |   |--- feature_18 >  531.50
|   |   |   |   |   |   |   |   |   |   |--- class: 1
|   |   |   |   |   |   |   |--- feature_1 >  0.23
|   |   |   |   |   |   |   |   |--- feature_8 <= 1022.50
|   |   |   |   |   |   |   |   |   |--- feature_1 <= 0.30
|   |   |   |   |   |   |   |   |   |   |--- class: 3
|   |   |   |   |   |   |   |   |   |--- feature_1 >  0.30
|   |   |   |   |   |   |   |   |   |   |--- feature_9 <= 62.00
|   |   |   |   |   |   |   |   |   |   |   |--- truncated branch of depth 3
|   |   |   |   |   |   |   |   |   |   |--- feature_9 >  62.00
|   |   |   |   |   |   |   |   |   |   |   |--- class: 3
|   |   |   |   |   |   |   |   |--- feature_8 >  1022.50
|   |   |   |   |   |   |   |   |   |--- class: 1
|   |   |   |   |   |   |--- feature_3 >  0.82
|   |   |   |   |   |   |   |--- feature_19 <= 437.00
|   |   |   |   |   |   |   |   |--- class: 4
|   |   |   |   |   |   |   |--- feature_19 >  437.00
|   |   |   |   |   |   |   |   |--- feature_26 <= 829.05
|   |   |   |   |   |   |   |   |   |--- feature_25 <= 116.85
|   |   |   |   |   |   |   |   |   |   |--- class: 2
|   |   |   |   |   |   |   |   |   |--- feature_25 >  116.85
|   |   |   |   |   |   |   |   |   |   |--- class: 3
|   |   |   |   |   |   |   |   |--- feature_26 >  829.05
|   |   |   |   |   |   |   |   |   |--- class: 3
|   |   |   |   |--- feature_1 >  0.50
|   |   |   |   |   |--- feature_1 <= 0.97
|   |   |   |   |   |   |--- feature_19 <= 69.00
|   |   |   |   |   |   |   |--- feature_3 <= 0.48
|   |   |   |   |   |   |   |   |--- feature_3 <= 0.32
|   |   |   |   |   |   |   |   |   |--- class: 4
|   |   |   |   |   |   |   |   |--- feature_3 >  0.32
|   |   |   |   |   |   |   |   |   |--- class: 2
|   |   |   |   |   |   |   |--- feature_3 >  0.48
|   |   |   |   |   |   |   |   |--- class: 4
|   |   |   |   |   |   |--- feature_19 >  69.00
|   |   |   |   |   |   |   |--- feature_7 <= 14.69
|   |   |   |   |   |   |   |   |--- feature_10 <= 3.34
|   |   |   |   |   |   |   |   |   |--- class: 3
|   |   |   |   |   |   |   |   |--- feature_10 >  3.34
|   |   |   |   |   |   |   |   |   |--- feature_25 <= 96.70
|   |   |   |   |   |   |   |   |   |   |--- feature_27 <= 551.90
|   |   |   |   |   |   |   |   |   |   |   |--- class: 2
|   |   |   |   |   |   |   |   |   |   |--- feature_27 >  551.90
|   |   |   |   |   |   |   |   |   |   |   |--- class: 3
|   |   |   |   |   |   |   |   |   |--- feature_25 >  96.70
|   |   |   |   |   |   |   |   |   |   |--- class: 4
|   |   |   |   |   |   |   |--- feature_7 >  14.69
|   |   |   |   |   |   |   |   |--- feature_13 <= 98.00
|   |   |   |   |   |   |   |   |   |--- feature_23 <= 372.70
|   |   |   |   |   |   |   |   |   |   |--- class: 4
|   |   |   |   |   |   |   |   |   |--- feature_23 >  372.70
|   |   |   |   |   |   |   |   |   |   |--- feature_8 <= 1016.50
|   |   |   |   |   |   |   |   |   |   |   |--- truncated branch of depth 2
|   |   |   |   |   |   |   |   |   |   |--- feature_8 >  1016.50
|   |   |   |   |   |   |   |   |   |   |   |--- truncated branch of depth 8
|   |   |   |   |   |   |   |   |--- feature_13 >  98.00
|   |   |   |   |   |   |   |   |   |--- class: 3
|   |   |   |   |   |--- feature_1 >  0.97
|   |   |   |   |   |   |--- feature_1 <= 1.31
|   |   |   |   |   |   |   |--- feature_30 <= 24.50
|   |   |   |   |   |   |   |   |--- feature_30 <= 13.50
|   |   |   |   |   |   |   |   |   |--- feature_30 <= 6.50
|   |   |   |   |   |   |   |   |   |   |--- feature_5 <= 10.58
|   |   |   |   |   |   |   |   |   |   |   |--- class: 3
|   |   |   |   |   |   |   |   |   |   |--- feature_5 >  10.58
|   |   |   |   |   |   |   |   |   |   |   |--- class: 4
|   |   |   |   |   |   |   |   |   |--- feature_30 >  6.50
|   |   |   |   |   |   |   |   |   |   |--- class: 3
|   |   |   |   |   |   |   |   |--- feature_30 >  13.50
|   |   |   |   |   |   |   |   |   |--- class: 4
|   |   |   |   |   |   |   |--- feature_30 >  24.50
|   |   |   |   |   |   |   |   |--- feature_20 <= 201.50
|   |   |   |   |   |   |   |   |   |--- class: 3
|   |   |   |   |   |   |   |   |--- feature_20 >  201.50
|   |   |   |   |   |   |   |   |   |--- class: 2
|   |   |   |   |   |   |--- feature_1 >  1.31
|   |   |   |   |   |   |   |--- class: 4
