|--- feature_3 <= 394.30
|   |--- feature_3 <= 387.96
|   |   |--- feature_5 <= 0.99
|   |   |   |--- feature_18 <= 35.70
|   |   |   |   |--- feature_21 <= -0.97
|   |   |   |   |   |--- feature_13 <= 134.09
|   |   |   |   |   |   |--- class: 1
|   |   |   |   |   |--- feature_13 >  134.09
|   |   |   |   |   |   |--- class: 2
|   |   |   |   |--- feature_21 >  -0.97
|   |   |   |   |   |--- class: 2
|   |   |   |--- feature_18 >  35.70
|   |   |   |   |--- class: 1
|   |   |--- feature_5 >  0.99
|   |   |   |--- feature_3 <= 340.32
|   |   |   |   |--- class: 2
|   |   |   |--- feature_3 >  340.32
|   |   |   |   |--- class: 1
|   |--- feature_3 >  387.96
|   |   |--- feature_21 <= 0.12
|   |   |   |--- feature_19 <= -1.05
|   |   |   |   |--- class: 2
|   |   |   |--- feature_19 >  -1.05
|   |   |   |   |--- class: 1
|   |   |--- feature_21 >  0.12
|   |   |   |--- class: 2
|--- feature_3 >  394.30
|   |--- feature_3 <= 555.73
|   |   |--- feature_13 <= 76.56
|   |   |   |--- feature_25 <= -18088866816.00
|   |   |   |   |--- class: 6
|   |   |   |--- feature_25 >  -18088866816.00
|   |   |   |   |--- class: 5
|   |   |--- feature_13 >  76.56
|   |   |   |--- feature_21 <= 0.12
|   |   |   |   |--- feature_0 <= 301939.50
|   |   |   |   |   |--- feature_12 <= 0.99
|   |   |   |   |   |   |--- feature_25 <= -35263283200.00
|   |   |   |   |   |   |   |--- feature_24 <= 2.09
|   |   |   |   |   |   |   |   |--- class: 2
|   |   |   |   |   |   |   |--- feature_24 >  2.09
|   |   |   |   |   |   |   |   |--- class: 1
|   |   |   |   |   |   |--- feature_25 >  -35263283200.00
|   |   |   |   |   |   |   |--- feature_11 <= 0.00
|   |   |   |   |   |   |   |   |--- feature_1 <= 2022.31
|   |   |   |   |   |   |   |   |   |--- class: 2
|   |   |   |   |   |   |   |   |--- feature_1 >  2022.31
|   |   |   |   |   |   |   |   |   |--- class: 4
|   |   |   |   |   |   |   |--- feature_11 >  0.00
|   |   |   |   |   |   |   |   |--- class: 6
|   |   |   |   |   |--- feature_12 >  0.99
|   |   |   |   |   |   |--- feature_5 <= 0.99
|   |   |   |   |   |   |   |--- feature_3 <= 494.65
|   |   |   |   |   |   |   |   |--- feature_21 <= 0.06
|   |   |   |   |   |   |   |   |   |--- feature_5 <= 0.99
|   |   |   |   |   |   |   |   |   |   |--- class: 1
|   |   |   |   |   |   |   |   |   |--- feature_5 >  0.99
|   |   |   |   |   |   |   |   |   |   |--- feature_6 <= 0.74
|   |   |   |   |   |   |   |   |   |   |   |--- class: 6
|   |   |   |   |   |   |   |   |   |   |--- feature_6 >  0.74
|   |   |   |   |   |   |   |   |   |   |   |--- class: 1
|   |   |   |   |   |   |   |   |--- feature_21 >  0.06
|   |   |   |   |   |   |   |   |   |--- feature_18 <= 26.34
|   |   |   |   |   |   |   |   |   |   |--- class: 2
|   |   |   |   |   |   |   |   |   |--- feature_18 >  26.34
|   |   |   |   |   |   |   |   |   |   |--- class: 1
|   |   |   |   |   |   |   |--- feature_3 >  494.65
|   |   |   |   |   |   |   |   |--- class: 6
|   |   |   |   |   |   |--- feature_5 >  0.99
|   |   |   |   |   |   |   |--- feature_6 <= 0.75
|   |   |   |   |   |   |   |   |--- class: 1
|   |   |   |   |   |   |   |--- feature_6 >  0.75
|   |   |   |   |   |   |   |   |--- class: 6
|   |   |   |   |--- feature_0 >  301939.50
|   |   |   |   |   |--- feature_27 <= -40320698368.00
|   |   |   |   |   |   |--- feature_12 <= 0.99
|   |   |   |   |   |   |   |--- class: 4
|   |   |   |   |   |   |--- feature_12 >  0.99
|   |   |   |   |   |   |   |--- class: 1
|   |   |   |   |   |--- feature_27 >  -40320698368.00
|   |   |   |   |   |   |--- class: 6
|   |   |   |--- feature_21 >  0.12
|   |   |   |   |--- feature_12 <= 1.00
|   |   |   |   |   |--- feature_0 <= 209648.50
|   |   |   |   |   |   |--- feature_8 <= 0.89
|   |   |   |   |   |   |   |--- class: 2
|   |   |   |   |   |   |--- feature_8 >  0.89
|   |   |   |   |   |   |   |--- class: 1
|   |   |   |   |   |--- feature_0 >  209648.50
|   |   |   |   |   |   |--- feature_25 <= -52729133056.00
|   |   |   |   |   |   |   |--- class: 1
|   |   |   |   |   |   |--- feature_25 >  -52729133056.00
|   |   |   |   |   |   |   |--- feature_20 <= 1.05
|   |   |   |   |   |   |   |   |--- feature_19 <= 0.39
|   |   |   |   |   |   |   |   |   |--- feature_16 <= 34.68
|   |   |   |   |   |   |   |   |   |   |--- class: 6
|   |   |   |   |   |   |   |   |   |--- feature_16 >  34.68
|   |   |   |   |   |   |   |   |   |   |--- feature_6 <= 0.76
|   |   |   |   |   |   |   |   |   |   |   |--- class: 6
|   |   |   |   |   |   |   |   |   |   |--- feature_6 >  0.76
|   |   |   |   |   |   |   |   |   |   |   |--- truncated branch of depth 2
|   |   |   |   |   |   |   |   |--- feature_19 >  0.39
|   |   |   |   |   |   |   |   |   |--- class: 4
|   |   |   |   |   |   |   |--- feature_20 >  1.05
|   |   |   |   |   |   |   |   |--- feature_12 <= 0.99
|   |   |   |   |   |   |   |   |   |--- class: 5
|   |   |   |   |   |   |   |   |--- feature_12 >  0.99
|   |   |   |   |   |   |   |   |   |--- class: 1
|   |   |   |   |--- feature_12 >  1.00
|   |   |   |   |   |--- feature_0 <= 281844.50
|   |   |   |   |   |   |--- feature_18 <= 28.13
|   |   |   |   |   |   |   |--- class: 1
|   |   |   |   |   |   |--- feature_18 >  28.13
|   |   |   |   |   |   |   |--- class: 6
|   |   |   |   |   |--- feature_0 >  281844.50
|   |   |   |   |   |   |--- class: 0
|   |--- feature_3 >  555.73
|   |   |--- feature_21 <= 0.28
|   |   |   |--- feature_13 <= 93.42
|   |   |   |   |--- feature_18 <= 25.05
|   |   |   |   |   |--- feature_23 <= 7.09
|   |   |   |   |   |   |--- class: 0
|   |   |   |   |   |--- feature_23 >  7.09
|   |   |   |   |   |   |--- class: 5
|   |   |   |   |--- feature_18 >  25.05
|   |   |   |   |   |--- class: 3
|   |   |   |--- feature_13 >  93.42
|   |   |   |   |--- class: 4
|   |   |--- feature_21 >  0.28
|   |   |   |--- feature_13 <= 96.65
|   |   |   |   |--- feature_17 <= 21.88
|   |   |   |   |   |--- feature_1 <= 2367.78
|   |   |   |   |   |   |--- feature_21 <= 0.58
|   |   |   |   |   |   |   |--- class: 3
|   |   |   |   |   |   |--- feature_21 >  0.58
|   |   |   |   |   |   |   |--- class: 0
|   |   |   |   |   |--- feature_1 >  2367.78
|   |   |   |   |   |   |--- feature_11 <= 0.00
|   |   |   |   |   |   |   |--- feature_8 <= 0.92
|   |   |   |   |   |   |   |   |--- class: 5
|   |   |   |   |   |   |   |--- feature_8 >  0.92
|   |   |   |   |   |   |   |   |--- class: 0
|   |   |   |   |   |   |--- feature_11 >  0.00
|   |   |   |   |   |   |   |--- class: 3
|   |   |   |   |--- feature_17 >  21.88
|   |   |   |   |   |--- feature_24 <= 3.03
|   |   |   |   |   |   |--- class: 6
|   |   |   |   |   |--- feature_24 >  3.03
|   |   |   |   |   |   |--- class: 3
|   |   |   |--- feature_13 >  96.65
|   |   |   |   |--- feature_8 <= 0.91
|   |   |   |   |   |--- class: 4
|   |   |   |   |--- feature_8 >  0.91
|   |   |   |   |   |--- feature_3 <= 692.17
|   |   |   |   |   |   |--- class: 0
|   |   |   |   |   |--- feature_3 >  692.17
|   |   |   |   |   |   |--- class: 3
